<?xml version="1.0" encoding="UTF-8"?>
<!-- Generated by org.testng.reporters.JUnitReportReporter -->
<testsuite hostname="Jeyasakthi" failures="0" tests="1" name="module3Assignment.PageObejectModel" time="5.890" errors="0" timestamp="2024-04-24T12:19:50 IST" skipped="0">
  <testcase classname="module3Assignment.PageObejectModel" name="f" time="5.890"/>
  <system-out/>
</testsuite> <!-- module3Assignment.PageObejectModel -->
